<?xml version="1.0" encoding="UTF-8"?>
<robot generator="Robot 3.1.1 (Python 3.7.2 on win32)" generated="20190315 15:19:00.341" rpa="false">
<suite id="s1" name="Robotproject" source="C:\Users\penchalaiah.k1\eclipse-workspace\Robotproject">
<suite id="s1-s1" name="Robottest" source="C:\Users\penchalaiah.k1\eclipse-workspace\Robotproject\robottest">
<suite id="s1-s1-s1" name="TestSuite1" source="C:\Users\penchalaiah.k1\eclipse-workspace\Robotproject\robottest\TestSuite1.robot">
<kw name="Log" library="BuiltIn" type="setup">
<doc>Logs the given message with the given level.</doc>
<arguments>
<arg>I am inside the test suite settup</arg>
</arguments>
<msg timestamp="20190315 15:19:00.763" level="INFO">I am inside the test suite settup</msg>
<status status="PASS" starttime="20190315 15:19:00.762" endtime="20190315 15:19:00.763"></status>
</kw>
<test id="s1-s1-s1-t1" name="MyFirstTestCase">
<kw name="Log" library="BuiltIn" type="setup">
<doc>Logs the given message with the given level.</doc>
<arguments>
<arg>I am inside test setup</arg>
</arguments>
<msg timestamp="20190315 15:19:00.765" level="INFO">I am inside test setup</msg>
<status status="PASS" starttime="20190315 15:19:00.765" endtime="20190315 15:19:00.765"></status>
</kw>
<kw name="Log" library="BuiltIn">
<doc>Logs the given message with the given level.</doc>
<arguments>
<arg>Helloworld...</arg>
</arguments>
<msg timestamp="20190315 15:19:00.766" level="INFO">Helloworld...</msg>
<status status="PASS" starttime="20190315 15:19:00.766" endtime="20190315 15:19:00.766"></status>
</kw>
<kw name="Log" library="BuiltIn" type="teardown">
<doc>Logs the given message with the given level.</doc>
<arguments>
<arg>I am inside test teardown</arg>
</arguments>
<msg timestamp="20190315 15:19:00.767" level="INFO">I am inside test teardown</msg>
<status status="PASS" starttime="20190315 15:19:00.767" endtime="20190315 15:19:00.767"></status>
</kw>
<tags>
<tag>Smoke</tag>
</tags>
<status status="PASS" starttime="20190315 15:19:00.764" endtime="20190315 15:19:00.767" critical="yes"></status>
</test>
<test id="s1-s1-s1-t2" name="MyFirstSeleniumTest">
<kw name="Log" library="BuiltIn" type="setup">
<doc>Logs the given message with the given level.</doc>
<arguments>
<arg>I am inside test setup</arg>
</arguments>
<msg timestamp="20190315 15:19:00.769" level="INFO">I am inside test setup</msg>
<status status="PASS" starttime="20190315 15:19:00.769" endtime="20190315 15:19:00.770"></status>
</kw>
<kw name="Open Browser" library="SeleniumLibrary">
<doc>Opens a new browser instance to the given ``url``.</doc>
<arguments>
<arg>http://www.google.com</arg>
<arg>Chrome</arg>
</arguments>
<msg timestamp="20190315 15:19:00.771" level="INFO">Opening browser 'Chrome' to base url 'http://www.google.com'.</msg>
<status status="PASS" starttime="20190315 15:19:00.770" endtime="20190315 15:19:05.968"></status>
</kw>
<kw name="Set Browser Implicit Wait" library="SeleniumLibrary">
<doc>Sets the implicit wait value used by Selenium.</doc>
<arguments>
<arg>5</arg>
</arguments>
<status status="PASS" starttime="20190315 15:19:05.968" endtime="20190315 15:19:05.972"></status>
</kw>
<kw name="Input Text" library="SeleniumLibrary">
<doc>Types the given ``text`` into text field identified by ``locator``.</doc>
<arguments>
<arg>name=q</arg>
<arg>Automation</arg>
</arguments>
<msg timestamp="20190315 15:19:05.973" level="INFO">Typing text 'Automation' into text field 'name=q'.</msg>
<status status="PASS" starttime="20190315 15:19:05.973" endtime="20190315 15:19:06.136"></status>
</kw>
<kw name="Sleep" library="BuiltIn">
<doc>Pauses the test executed for the given time.</doc>
<arguments>
<arg>5</arg>
</arguments>
<msg timestamp="20190315 15:19:11.137" level="INFO">Slept 5 seconds</msg>
<status status="PASS" starttime="20190315 15:19:06.136" endtime="20190315 15:19:11.137"></status>
</kw>
<kw name="Press Key" library="SeleniumLibrary">
<doc>Deprecated use `Press Keys` instead.</doc>
<arguments>
<arg>name=q</arg>
<arg>ENTER</arg>
</arguments>
<status status="PASS" starttime="20190315 15:19:11.138" endtime="20190315 15:19:11.210"></status>
</kw>
<kw name="Close Browser" library="SeleniumLibrary">
<doc>Closes the current browser.</doc>
<status status="PASS" starttime="20190315 15:19:11.211" endtime="20190315 15:19:13.156"></status>
</kw>
<kw name="Log" library="BuiltIn">
<doc>Logs the given message with the given level.</doc>
<arguments>
<arg>TestCompleted</arg>
</arguments>
<msg timestamp="20190315 15:19:13.160" level="INFO">TestCompleted</msg>
<status status="PASS" starttime="20190315 15:19:13.157" endtime="20190315 15:19:13.160"></status>
</kw>
<kw name="Log" library="BuiltIn" type="teardown">
<doc>Logs the given message with the given level.</doc>
<arguments>
<arg>I am inside test teardown</arg>
</arguments>
<msg timestamp="20190315 15:19:13.161" level="INFO">I am inside test teardown</msg>
<status status="PASS" starttime="20190315 15:19:13.160" endtime="20190315 15:19:13.161"></status>
</kw>
<tags>
<tag>Smoke</tag>
</tags>
<status status="PASS" starttime="20190315 15:19:00.768" endtime="20190315 15:19:13.161" critical="yes"></status>
</test>
<test id="s1-s1-s1-t3" name="MySampleLoginTest">
<kw name="Log" library="BuiltIn" type="setup">
<doc>Logs the given message with the given level.</doc>
<arguments>
<arg>I am inside test setup</arg>
</arguments>
<msg timestamp="20190315 15:19:13.163" level="INFO">I am inside test setup</msg>
<status status="PASS" starttime="20190315 15:19:13.163" endtime="20190315 15:19:13.164"></status>
</kw>
<kw name="Open Browser" library="SeleniumLibrary">
<doc>Opens a new browser instance to the given ``url``.</doc>
<arguments>
<arg>${URL}</arg>
<arg>Chrome</arg>
</arguments>
<msg timestamp="20190315 15:19:13.165" level="INFO">Opening browser 'Chrome' to base url 'https://opensource-demo.orangehrmlive.com/'.</msg>
<status status="PASS" starttime="20190315 15:19:13.164" endtime="20190315 15:19:20.257"></status>
</kw>
<kw name="Set Browser Implicit Wait" library="SeleniumLibrary">
<doc>Sets the implicit wait value used by Selenium.</doc>
<arguments>
<arg>5</arg>
</arguments>
<status status="PASS" starttime="20190315 15:19:20.258" endtime="20190315 15:19:20.262"></status>
</kw>
<kw name="Input Text" library="SeleniumLibrary">
<doc>Types the given ``text`` into text field identified by ``locator``.</doc>
<arguments>
<arg>id=txtUsername</arg>
<arg>@{CREDENTIALS}[0]</arg>
</arguments>
<msg timestamp="20190315 15:19:20.263" level="INFO">Typing text 'Admin' into text field 'id=txtUsername'.</msg>
<status status="PASS" starttime="20190315 15:19:20.262" endtime="20190315 15:19:20.357"></status>
</kw>
<kw name="Input Text" library="SeleniumLibrary">
<doc>Types the given ``text`` into text field identified by ``locator``.</doc>
<arguments>
<arg>id=txtPassword</arg>
<arg>&amp;{LOGINDATA}[password]</arg>
</arguments>
<msg timestamp="20190315 15:19:20.358" level="INFO">Typing text 'admin123' into text field 'id=txtPassword'.</msg>
<status status="PASS" starttime="20190315 15:19:20.358" endtime="20190315 15:19:20.444"></status>
</kw>
<kw name="Click Button" library="SeleniumLibrary">
<doc>Clicks button identified by ``locator``.</doc>
<arguments>
<arg>id=btnLogin</arg>
</arguments>
<msg timestamp="20190315 15:19:20.445" level="INFO">Clicking button 'id=btnLogin'.</msg>
<status status="PASS" starttime="20190315 15:19:20.445" endtime="20190315 15:19:22.316"></status>
</kw>
<kw name="Click Element" library="SeleniumLibrary">
<doc>Click element identified by ``locator``.</doc>
<arguments>
<arg>id=welcome</arg>
</arguments>
<msg timestamp="20190315 15:19:22.318" level="INFO">Clicking element 'id=welcome'.</msg>
<status status="PASS" starttime="20190315 15:19:22.317" endtime="20190315 15:19:22.381"></status>
</kw>
<kw name="Click Element" library="SeleniumLibrary">
<doc>Click element identified by ``locator``.</doc>
<arguments>
<arg>link=Logout</arg>
</arguments>
<msg timestamp="20190315 15:19:22.382" level="INFO">Clicking element 'link=Logout'.</msg>
<status status="PASS" starttime="20190315 15:19:22.381" endtime="20190315 15:19:24.957"></status>
</kw>
<kw name="Sleep" library="BuiltIn">
<doc>Pauses the test executed for the given time.</doc>
<arguments>
<arg>5</arg>
</arguments>
<msg timestamp="20190315 15:19:29.960" level="INFO">Slept 5 seconds</msg>
<status status="PASS" starttime="20190315 15:19:24.958" endtime="20190315 15:19:29.960"></status>
</kw>
<kw name="Close Browser" library="SeleniumLibrary">
<doc>Closes the current browser.</doc>
<status status="PASS" starttime="20190315 15:19:29.961" endtime="20190315 15:19:31.812"></status>
</kw>
<kw name="Log" library="BuiltIn">
<doc>Logs the given message with the given level.</doc>
<arguments>
<arg>TestCompleted</arg>
</arguments>
<msg timestamp="20190315 15:19:31.813" level="INFO">TestCompleted</msg>
<status status="PASS" starttime="20190315 15:19:31.812" endtime="20190315 15:19:31.813"></status>
</kw>
<kw name="Log" library="BuiltIn">
<doc>Logs the given message with the given level.</doc>
<arguments>
<arg>This test was executed by %{username} on %{os}</arg>
</arguments>
<msg timestamp="20190315 15:19:31.814" level="INFO">This test was executed by penchalaiah.k1 on Windows_NT</msg>
<status status="PASS" starttime="20190315 15:19:31.813" endtime="20190315 15:19:31.814"></status>
</kw>
<kw name="Log" library="BuiltIn" type="teardown">
<doc>Logs the given message with the given level.</doc>
<arguments>
<arg>I am inside test teardown</arg>
</arguments>
<msg timestamp="20190315 15:19:31.815" level="INFO">I am inside test teardown</msg>
<status status="PASS" starttime="20190315 15:19:31.815" endtime="20190315 15:19:31.815"></status>
</kw>
<doc>This is a simple login test into OrangeHRM</doc>
<tags>
<tag>Regresssion</tag>
</tags>
<status status="PASS" starttime="20190315 15:19:13.162" endtime="20190315 15:19:31.816" critical="yes"></status>
</test>
<kw name="Log" library="BuiltIn" type="teardown">
<doc>Logs the given message with the given level.</doc>
<arguments>
<arg>I am inside test suite tear down</arg>
</arguments>
<msg timestamp="20190315 15:19:31.817" level="INFO">I am inside test suite tear down</msg>
<status status="PASS" starttime="20190315 15:19:31.817" endtime="20190315 15:19:31.818"></status>
</kw>
<status status="PASS" starttime="20190315 15:19:00.516" endtime="20190315 15:19:31.818"></status>
</suite>
<status status="PASS" starttime="20190315 15:19:00.514" endtime="20190315 15:19:31.821"></status>
</suite>
<status status="PASS" starttime="20190315 15:19:00.483" endtime="20190315 15:19:31.824"></status>
</suite>
<statistics>
<total>
<stat pass="3" fail="0">Critical Tests</stat>
<stat pass="3" fail="0">All Tests</stat>
</total>
<tag>
<stat pass="1" fail="0">Regresssion</stat>
<stat pass="2" fail="0">Smoke</stat>
</tag>
<suite>
<stat pass="3" fail="0" id="s1" name="Robotproject">Robotproject</stat>
<stat pass="3" fail="0" id="s1-s1" name="Robottest">Robotproject.Robottest</stat>
<stat pass="3" fail="0" id="s1-s1-s1" name="TestSuite1">Robotproject.Robottest.TestSuite1</stat>
</suite>
</statistics>
<errors>
</errors>
</robot>
